<?xml version="1.0" encoding="UTF-8"?>
<testng-results skipped="0" failed="0" total="1" passed="1">
  <reporter-output>
  </reporter-output>
  <suite name="Default suite" duration-ms="6995" started-at="2013-02-05T15:41:37Z" finished-at="2013-02-05T15:41:44Z">
    <groups>
    </groups>
    <test name="Default test" duration-ms="6995" started-at="2013-02-05T15:41:37Z" finished-at="2013-02-05T15:41:44Z">
      <class name="webDriver.TestAction">
        <test-method status="PASS" signature="setUp()[pri:0, instance:webDriver.TestAction@2dafae45]" name="setUp" is-config="true" duration-ms="3685" started-at="2013-02-05T17:41:37Z" finished-at="2013-02-05T17:41:40Z">
          <reporter-output>
          </reporter-output>
        </test-method> <!-- setUp -->
        <test-method status="PASS" signature="testCompleteTask()[pri:0, instance:webDriver.TestAction@2dafae45]" name="testCompleteTask" duration-ms="3204" started-at="2013-02-05T17:41:40Z" finished-at="2013-02-05T17:41:43Z">
          <reporter-output>
          </reporter-output>
        </test-method> <!-- testCompleteTask -->
        <test-method status="PASS" signature="tearDown()[pri:0, instance:webDriver.TestAction@2dafae45]" name="tearDown" is-config="true" duration-ms="95" started-at="2013-02-05T17:41:43Z" finished-at="2013-02-05T17:41:44Z">
          <reporter-output>
          </reporter-output>
        </test-method> <!-- tearDown -->
      </class> <!-- webDriver.TestAction -->
    </test> <!-- Default test -->
  </suite> <!-- Default suite -->
</testng-results>
